<?xml version="1.0" encoding="UTF-8"?>
<!-- Generated by org.testng.reporters.JUnitReportReporter -->
<testsuite hostname="DESKTOP-S21BNR6" failures="0" tests="1" name="DataProvider.DDT" time="0.164" errors="0" timestamp="2023-12-19T18:07:47 IST" skipped="0">
  <testcase classname="DataProvider.DDT" name="runtest" time="0.164"/>
</testsuite> <!-- DataProvider.DDT -->
