<?xml version="1.0" encoding="UTF-8"?>
<!-- Generated by org.testng.reporters.JUnitReportReporter -->
<testsuite hostname="DESKTOP-S21BNR6" failures="0" tests="1" name="APITesting.RestAssured1" time="5.621" errors="0" timestamp="2023-12-15T17:07:38 IST" skipped="0">
  <testcase classname="APITesting.RestAssured1" name="Getrequest" time="5.621"/>
</testsuite> <!-- APITesting.RestAssured1 -->
