<?xml version="1.0" encoding="UTF-8"?>
<!-- Generated by org.testng.reporters.JUnitReportReporter -->
<testsuite hostname="DESKTOP-S21BNR6" failures="0" tests="1" name="APITesting.RestAssured3" time="5.549" errors="0" timestamp="2023-12-17T18:38:51 IST" skipped="0">
  <testcase classname="APITesting.RestAssured3" name="postrequest" time="5.549"/>
</testsuite> <!-- APITesting.RestAssured3 -->
