<?xml version="1.0" encoding="UTF-8"?>
<!-- Generated by org.testng.reporters.JUnitReportReporter -->
<testsuite hostname="DESKTOP-S21BNR6" failures="0" tests="1" name="APITesting.RestAssured2" time="4.632" errors="0" timestamp="2023-12-15T17:45:59 IST" skipped="0">
  <testcase classname="APITesting.RestAssured2" name="postrequest" time="4.632"/>
</testsuite> <!-- APITesting.RestAssured2 -->
